<?xml version="1.0" encoding="UTF-8"?>
<!-- Generated by org.testng.reporters.JUnitXMLReporter -->
<testsuite hostname="Wasims-MacBook-Pro.local" ignored="0" name="Test" tests="6" failures="6" timestamp="21 Aug 2017 05:22:08 GMT" time="4.289" errors="0">
  <testcase name="@AfterClass afterClass" time="0.0" classname="adp_demo.RM_TS_PostReq">
    <failure type="java.lang.NullPointerException">
      <![CDATA[java.lang.NullPointerException
	at adp_demo.RM_TS_PostReq.afterClass(RM_TS_PostReq.java:158)
	at java.util.concurrent.ThreadPoolExecutor.runWorker(ThreadPoolExecutor.java:1142)
	at java.util.concurrent.ThreadPoolExecutor$Worker.run(ThreadPoolExecutor.java:617)
	at java.lang.Thread.run(Thread.java:745)
... Removed 10 stack frames]]>
    </failure>
  </testcase> <!-- @AfterClass afterClass -->
  <testcase name="I_am_logged_on_to_the_administration_side_of_MyInfo_as_an_HR_or_Recruitment_Manager" time="0.005" classname="adp_demo.RM_TS_PostReq">
    <failure type="java.lang.NullPointerException">
      <![CDATA[java.lang.NullPointerException
	at org.sempra.hr.adp.login.LoginPage.Login(LoginPage.java:17)
	at adp_demo.RM_TS_PostReq.I_am_logged_on_to_the_administration_side_of_MyInfo_as_an_HR_or_Recruitment_Manager(RM_TS_PostReq.java:37)
	at java.util.concurrent.ThreadPoolExecutor.runWorker(ThreadPoolExecutor.java:1142)
	at java.util.concurrent.ThreadPoolExecutor$Worker.run(ThreadPoolExecutor.java:617)
	at java.lang.Thread.run(Thread.java:745)
... Removed 10 stack frames]]>
    </failure>
  </testcase> <!-- I_am_logged_on_to_the_administration_side_of_MyInfo_as_an_HR_or_Recruitment_Manager -->
  <testcase name="activated" time="0.001" classname="adp_demo.RM_TS_PostReq">
    <failure type="java.lang.NullPointerException">
      <![CDATA[java.lang.NullPointerException
	at org.sempra.hr.adp.recruitingdesktop.RecruitingDesktopPage.click_ReqsMenu(RecruitingDesktopPage.java:20)
	at org.sempra.hr.adp.recruitingdesktop.RecruitingDesktopPage.click_Req(RecruitingDesktopPage.java:56)
	at adp_demo.RM_TS_PostReq.activated(RM_TS_PostReq.java:112)
	at java.util.concurrent.ThreadPoolExecutor.runWorker(ThreadPoolExecutor.java:1142)
	at java.util.concurrent.ThreadPoolExecutor$Worker.run(ThreadPoolExecutor.java:617)
	at java.lang.Thread.run(Thread.java:745)
... Removed 10 stack frames]]>
    </failure>
  </testcase> <!-- activated -->
  <testcase name="i_open_create_new_utilities_req_form_and_fill_in_the_required_info_and_click_Create_button" time="0.0" classname="adp_demo.RM_TS_PostReq">
    <failure type="org.testng.TestNGException" message="
Cannot inject @Test annotated Method [i_open_create_new_utilities_req_form_and_fill_in_the_required_info_and_click_Create_button] with [interface java.util.Map].
For more information on native dependency injection please refer to http://testng.org/doc/documentation-main.html#native-dependency-injection">
      <![CDATA[org.testng.TestNGException: 
Cannot inject @Test annotated Method [i_open_create_new_utilities_req_form_and_fill_in_the_required_info_and_click_Create_button] with [interface java.util.Map].
For more information on native dependency injection please refer to http://testng.org/doc/documentation-main.html#native-dependency-injection
	at java.util.concurrent.ThreadPoolExecutor.runWorker(ThreadPoolExecutor.java:1142)
	at java.util.concurrent.ThreadPoolExecutor$Worker.run(ThreadPoolExecutor.java:617)
	at java.lang.Thread.run(Thread.java:745)
... Removed 9 stack frames]]>
    </failure>
  </testcase> <!-- i_open_create_new_utilities_req_form_and_fill_in_the_required_info_and_click_Create_button -->
  <testcase name="published" time="0.001" classname="adp_demo.RM_TS_PostReq">
    <failure type="java.lang.NullPointerException">
      <![CDATA[java.lang.NullPointerException
	at org.sempra.hr.adp.recruitingdesktop.ModifyReqPage.selectPublishTab(ModifyReqPage.java:34)
	at adp_demo.RM_TS_PostReq.published(RM_TS_PostReq.java:121)
	at java.util.concurrent.ThreadPoolExecutor.runWorker(ThreadPoolExecutor.java:1142)
	at java.util.concurrent.ThreadPoolExecutor$Worker.run(ThreadPoolExecutor.java:617)
	at java.lang.Thread.run(Thread.java:745)
... Removed 10 stack frames]]>
    </failure>
  </testcase> <!-- published -->
  <testcase name="the_Req_is_Approved" time="0.002" classname="adp_demo.RM_TS_PostReq">
    <failure type="java.lang.NullPointerException">
      <![CDATA[java.lang.NullPointerException
	at org.sempra.hr.adp.recruitingdesktop.ReqFormPage.click_HomeMenu(ReqFormPage.java:290)
	at adp_demo.RM_TS_PostReq.the_Req_is_Approved(RM_TS_PostReq.java:101)
	at java.util.concurrent.ThreadPoolExecutor.runWorker(ThreadPoolExecutor.java:1142)
	at java.util.concurrent.ThreadPoolExecutor$Worker.run(ThreadPoolExecutor.java:617)
	at java.lang.Thread.run(Thread.java:745)
... Removed 10 stack frames]]>
    </failure>
  </testcase> <!-- the_Req_is_Approved -->
  <testcase name="the_job_posting_should_Show_on_the_company_career_website" time="0.0" classname="adp_demo.RM_TS_PostReq">
    <failure type="java.lang.NullPointerException">
      <![CDATA[java.lang.NullPointerException
	at org.sempra.hr.adp.recruitingdesktop.RecruitingDesktopPage.click_HomeMenu(RecruitingDesktopPage.java:32)
	at adp_demo.RM_TS_PostReq.the_job_posting_should_Show_on_the_company_career_website(RM_TS_PostReq.java:130)
	at java.util.concurrent.ThreadPoolExecutor.runWorker(ThreadPoolExecutor.java:1142)
	at java.util.concurrent.ThreadPoolExecutor$Worker.run(ThreadPoolExecutor.java:617)
	at java.lang.Thread.run(Thread.java:745)
... Removed 10 stack frames]]>
    </failure>
  </testcase> <!-- the_job_posting_should_Show_on_the_company_career_website -->
</testsuite> <!-- Test -->
