<?xml version="1.0" encoding="UTF-8"?>
<testsuite xmlns:xsi="http://www.w3.org/2001/XMLSchema-instance" xsi:schemaLocation="https://maven.apache.org/surefire/maven-surefire-plugin/xsd/surefire-test-report.xsd" name="TestSuite" time="4.551" tests="7" errors="0" skipped="0" failures="7">
  <properties>
[...]
</properties>
  <testcase name="I_am_logged_on_to_the_administration_side_of_MyInfo_as_an_HR_or_Recruitment_Manager" classname="adp_demo.RM_TS_PostReq" time="0.014">
    <failure type="java.lang.NullPointerException">java.lang.NullPointerException
	at adp_demo.RM_TS_PostReq.I_am_logged_on_to_the_administration_side_of_MyInfo_as_an_HR_or_Recruitment_Manager(RM_TS_PostReq.java:37)
</failure>
    <system-err><![CDATA[Aug 20, 2017 11:22:06 PM org.openqa.selenium.remote.ProtocolHandshake createSession
INFO: Detected dialect: OSS
]]></system-err>
  </testcase>
  <testcase name="activated" classname="adp_demo.RM_TS_PostReq" time="0">
    <failure type="java.lang.NullPointerException">java.lang.NullPointerException
	at adp_demo.RM_TS_PostReq.activated(RM_TS_PostReq.java:112)
</failure>
  </testcase>
  <testcase name="i_open_create_new_utilities_req_form_and_fill_in_the_required_info_and_click_Create_button" classname="adp_demo.RM_TS_PostReq" time="0.002">
    <failure message="&#10;Cannot inject @Test annotated Method [i_open_create_new_utilities_req_form_and_fill_in_the_required_info_and_click_Create_button] with [interface java.util.Map].&#10;For more information on native dependency injection please refer to http://testng.org/doc/documentation-main.html#native-dependency-injection" type="org.testng.TestNGException">org.testng.TestNGException: 

Cannot inject @Test annotated Method [i_open_create_new_utilities_req_form_and_fill_in_the_required_info_and_click_Create_button] with [interface java.util.Map].
For more information on native dependency injection please refer to http://testng.org/doc/documentation-main.html#native-dependency-injection
</failure>
    <system-err><![CDATA[[Error] org.testng.TestNGException: 
Cannot inject @Test annotated Method [i_open_create_new_utilities_req_form_and_fill_in_the_required_info_and_click_Create_button] with [interface java.util.Map].
For more information on native dependency injection please refer to http://testng.org/doc/documentation-main.html#native-dependency-injection
	at org.testng.internal.Parameters.checkParameterTypes(Parameters.java:244)
	at org.testng.internal.Parameters.createParameters(Parameters.java:172)
	at org.testng.internal.Parameters.createParameters(Parameters.java:458)
	at org.testng.internal.Parameters.handleParameters(Parameters.java:568)
	at org.testng.internal.Invoker.handleParameters(Invoker.java:1293)
	at org.testng.internal.Invoker.createParameters(Invoker.java:1020)
	at org.testng.internal.Invoker.invokeTestMethods(Invoker.java:1110)
	at org.testng.internal.TestMethodWorker.invokeTestMethods(TestMethodWorker.java:129)
	at org.testng.internal.TestMethodWorker.run(TestMethodWorker.java:112)
	at java.util.concurrent.ThreadPoolExecutor.runWorker(ThreadPoolExecutor.java:1142)
	at java.util.concurrent.ThreadPoolExecutor$Worker.run(ThreadPoolExecutor.java:617)
	at java.lang.Thread.run(Thread.java:745)

]]></system-err>
  </testcase>
  <testcase name="published" classname="adp_demo.RM_TS_PostReq" time="0.001">
    <failure type="java.lang.NullPointerException">java.lang.NullPointerException
	at adp_demo.RM_TS_PostReq.published(RM_TS_PostReq.java:121)
</failure>
  </testcase>
  <testcase name="the_Req_is_Approved" classname="adp_demo.RM_TS_PostReq" time="0.002">
    <failure type="java.lang.NullPointerException">java.lang.NullPointerException
	at adp_demo.RM_TS_PostReq.the_Req_is_Approved(RM_TS_PostReq.java:101)
</failure>
  </testcase>
  <testcase name="the_job_posting_should_Show_on_the_company_career_website" classname="adp_demo.RM_TS_PostReq" time="0.001">
    <failure type="java.lang.NullPointerException">java.lang.NullPointerException
	at adp_demo.RM_TS_PostReq.the_job_posting_should_Show_on_the_company_career_website(RM_TS_PostReq.java:130)
</failure>
  </testcase>
  <testcase name="afterClass" classname="adp_demo.RM_TS_PostReq" time="0.001">
    <failure type="java.lang.NullPointerException">java.lang.NullPointerException
	at adp_demo.RM_TS_PostReq.afterClass(RM_TS_PostReq.java:158)
</failure>
  </testcase>
</testsuite>